12.02.2025, 22:38:26 INFO  App:15 - Программа запущена
12.02.2025, 22:38:26 INFO  App:19 - Фабрика и контекст созданы
12.02.2025, 22:38:26 INFO  App:32 - Выполнение команды DEFINE с аргументами [a, 4]
12.02.2025, 22:38:26 INFO  App:32 - Выполнение команды DEFINE с аргументами [b, 16]
12.02.2025, 22:38:26 INFO  App:32 - Выполнение команды PUSH с аргументами [b]
12.02.2025, 22:38:26 INFO  App:32 - Выполнение команды SQRT с аргументами []
12.02.2025, 22:38:26 INFO  App:32 - Выполнение команды SQRT с аргументами []
12.02.2025, 22:38:26 INFO  App:32 - Выполнение команды PUSH с аргументами [a]
12.02.2025, 22:38:26 INFO  App:32 - Выполнение команды MINUS с аргументами []
12.02.2025, 22:38:26 INFO  App:32 - Выполнение команды PRINT с аргументами []
12.02.2025, 22:38:26 INFO  App:32 - Выполнение команды SQRT с аргументами []
12.02.2025, 22:38:26 INFO  App:32 - Выполнение команды PRINT с аргументами []
12.02.2025, 22:38:26 ERROR App:45 - Завершение работы программы
12.02.2025, 23:02:40 INFO  App:15 - Программа запущена
12.02.2025, 23:02:40 INFO  App:17 - Загружен входной файл
12.02.2025, 23:02:40 INFO  CommandFactory:152 - Стандартный конфиг загружен. Количество команд: 9
12.02.2025, 23:02:40 INFO  App:20 - Фабрика и контекст созданы
12.02.2025, 23:02:40 INFO  CommandFactory:133 - Создана команда: DEFINE
12.02.2025, 23:02:40 INFO  App:33 - Выполнение команды DEFINE с аргументами 
12.02.2025, 23:02:40 INFO  CommandFactory:133 - Создана команда: DEFINE
12.02.2025, 23:02:40 INFO  App:33 - Выполнение команды DEFINE с аргументами 
12.02.2025, 23:02:40 INFO  CommandFactory:133 - Создана команда: PUSH
12.02.2025, 23:02:40 INFO  App:33 - Выполнение команды PUSH с аргументами 
12.02.2025, 23:02:40 INFO  CommandFactory:133 - Создана команда: SQRT
12.02.2025, 23:02:40 INFO  App:33 - Выполнение команды SQRT с аргументами []
12.02.2025, 23:02:40 INFO  CommandFactory:133 - Создана команда: SQRT
12.02.2025, 23:02:40 INFO  App:33 - Выполнение команды SQRT с аргументами []
12.02.2025, 23:02:40 INFO  CommandFactory:133 - Создана команда: PUSH
12.02.2025, 23:02:40 INFO  App:33 - Выполнение команды PUSH с аргументами 
12.02.2025, 23:02:40 INFO  CommandFactory:133 - Создана команда: MINUS
12.02.2025, 23:02:40 INFO  App:33 - Выполнение команды MINUS с аргументами []
12.02.2025, 23:02:40 INFO  CommandFactory:133 - Создана команда: PRINT
12.02.2025, 23:02:40 INFO  App:33 - Выполнение команды PRINT с аргументами []
12.02.2025, 23:02:40 INFO  CommandFactory:133 - Создана команда: SQRT
12.02.2025, 23:02:40 INFO  App:33 - Выполнение команды SQRT с аргументами []
12.02.2025, 23:02:40 INFO  CommandFactory:133 - Создана команда: PRINT
12.02.2025, 23:02:40 INFO  App:33 - Выполнение команды PRINT с аргументами []
12.02.2025, 23:02:40 INFO  App:49 - Завершение работы программы

12.02.2025, 23:02:45 INFO  App:15 - Программа запущена
12.02.2025, 23:02:45 INFO  App:17 - Загружен входной файл
12.02.2025, 23:02:45 INFO  CommandFactory:152 - Стандартный конфиг загружен. Количество команд: 9
12.02.2025, 23:02:45 INFO  App:20 - Фабрика и контекст созданы
12.02.2025, 23:02:45 INFO  CommandFactory:133 - Создана команда: DEFINE
12.02.2025, 23:02:45 INFO  App:33 - Выполнение команды DEFINE с аргументами 
12.02.2025, 23:02:45 INFO  CommandFactory:133 - Создана команда: DEFINE
12.02.2025, 23:02:45 INFO  App:33 - Выполнение команды DEFINE с аргументами 
12.02.2025, 23:02:45 INFO  CommandFactory:133 - Создана команда: PUSH
12.02.2025, 23:02:45 INFO  App:33 - Выполнение команды PUSH с аргументами 
12.02.2025, 23:02:45 INFO  CommandFactory:133 - Создана команда: SQRT
12.02.2025, 23:02:45 INFO  App:33 - Выполнение команды SQRT с аргументами []
12.02.2025, 23:02:45 INFO  CommandFactory:133 - Создана команда: SQRT
12.02.2025, 23:02:45 INFO  App:33 - Выполнение команды SQRT с аргументами []
12.02.2025, 23:02:45 INFO  CommandFactory:133 - Создана команда: PUSH
12.02.2025, 23:02:45 INFO  App:33 - Выполнение команды PUSH с аргументами 
12.02.2025, 23:02:45 INFO  CommandFactory:133 - Создана команда: MINUS
12.02.2025, 23:02:45 INFO  App:33 - Выполнение команды MINUS с аргументами []
12.02.2025, 23:02:45 INFO  CommandFactory:133 - Создана команда: PRINT
12.02.2025, 23:02:45 INFO  App:33 - Выполнение команды PRINT с аргументами []
12.02.2025, 23:02:45 INFO  CommandFactory:133 - Создана команда: SQRT
12.02.2025, 23:02:45 INFO  App:33 - Выполнение команды SQRT с аргументами []
12.02.2025, 23:02:45 INFO  CommandFactory:133 - Создана команда: PRINT
12.02.2025, 23:02:45 INFO  App:33 - Выполнение команды PRINT с аргументами []
12.02.2025, 23:02:45 INFO  App:49 - Завершение работы программы

12.02.2025, 23:03:52 INFO  App:15 - Программа запущена
12.02.2025, 23:03:52 INFO  App:17 - Загружен входной файл
12.02.2025, 23:03:52 INFO  CommandFactory:152 - Стандартный конфиг загружен. Количество команд: 9
12.02.2025, 23:03:52 INFO  App:20 - Фабрика и контекст созданы
12.02.2025, 23:03:52 INFO  CommandFactory:133 - Создана команда: DEFINE
12.02.2025, 23:03:52 INFO  App:33 - Выполнение команды DEFINE с аргументами [a, 4]
12.02.2025, 23:03:52 INFO  CommandFactory:133 - Создана команда: DEFINE
12.02.2025, 23:03:52 INFO  App:33 - Выполнение команды DEFINE с аргументами [b, 16]
12.02.2025, 23:03:52 INFO  CommandFactory:133 - Создана команда: PUSH
12.02.2025, 23:03:52 INFO  App:33 - Выполнение команды PUSH с аргументами [b]
12.02.2025, 23:03:52 INFO  CommandFactory:133 - Создана команда: SQRT
12.02.2025, 23:03:52 INFO  App:33 - Выполнение команды SQRT с аргументами 
12.02.2025, 23:03:52 INFO  CommandFactory:133 - Создана команда: SQRT
12.02.2025, 23:03:52 INFO  App:33 - Выполнение команды SQRT с аргументами 
12.02.2025, 23:03:52 INFO  CommandFactory:133 - Создана команда: PUSH
12.02.2025, 23:03:52 INFO  App:33 - Выполнение команды PUSH с аргументами [a]
12.02.2025, 23:03:52 INFO  CommandFactory:133 - Создана команда: MINUS
12.02.2025, 23:03:52 INFO  App:33 - Выполнение команды MINUS с аргументами 
12.02.2025, 23:03:52 INFO  CommandFactory:133 - Создана команда: PRINT
12.02.2025, 23:03:52 INFO  App:33 - Выполнение команды PRINT с аргументами 
12.02.2025, 23:03:52 INFO  CommandFactory:133 - Создана команда: SQRT
12.02.2025, 23:03:52 INFO  App:33 - Выполнение команды SQRT с аргументами 
12.02.2025, 23:03:52 INFO  CommandFactory:133 - Создана команда: PRINT
12.02.2025, 23:03:52 INFO  App:33 - Выполнение команды PRINT с аргументами 
12.02.2025, 23:03:52 INFO  App:49 - Завершение работы программы

13.02.2025, 12:55:26 INFO  App:15 - Программа запущена
13.02.2025, 12:55:26 INFO  App:17 - Загружен входной файл
13.02.2025, 12:55:27 INFO  CommandFactory:152 - Стандартный конфиг загружен. Количество команд: 9
13.02.2025, 12:55:27 INFO  App:20 - Фабрика и контекст созданы
13.02.2025, 12:55:27 INFO  CommandFactory:133 - Создана команда: DEFINE
13.02.2025, 12:55:27 INFO  App:33 - Выполнение команды DEFINE с аргументами [a, 4]
13.02.2025, 12:55:27 INFO  CommandFactory:133 - Создана команда: DEFINE
13.02.2025, 12:55:27 INFO  App:33 - Выполнение команды DEFINE с аргументами [b, 16]
13.02.2025, 12:55:27 INFO  CommandFactory:133 - Создана команда: PUSH
13.02.2025, 12:55:27 INFO  App:33 - Выполнение команды PUSH с аргументами [b]
13.02.2025, 12:55:27 INFO  CommandFactory:133 - Создана команда: SQRT
13.02.2025, 12:55:27 INFO  App:33 - Выполнение команды SQRT с аргументами 
13.02.2025, 12:55:27 INFO  CommandFactory:133 - Создана команда: SQRT
13.02.2025, 12:55:27 INFO  App:33 - Выполнение команды SQRT с аргументами 
13.02.2025, 12:55:27 INFO  CommandFactory:133 - Создана команда: PUSH
13.02.2025, 12:55:27 INFO  App:33 - Выполнение команды PUSH с аргументами [a]
13.02.2025, 12:55:27 INFO  CommandFactory:133 - Создана команда: MINUS
13.02.2025, 12:55:27 INFO  App:33 - Выполнение команды MINUS с аргументами 
13.02.2025, 12:55:27 INFO  CommandFactory:133 - Создана команда: PRINT
13.02.2025, 12:55:27 INFO  App:33 - Выполнение команды PRINT с аргументами 
13.02.2025, 12:55:27 INFO  CommandFactory:133 - Создана команда: SQRT
13.02.2025, 12:55:27 INFO  App:33 - Выполнение команды SQRT с аргументами 
13.02.2025, 12:55:27 INFO  CommandFactory:133 - Создана команда: PRINT
13.02.2025, 12:55:27 INFO  App:33 - Выполнение команды PRINT с аргументами 
13.02.2025, 12:55:27 INFO  App:49 - Завершение работы программы

